
  [32m[1mVITE[22m v6.4.2[39m  [2mready in [0m[1m662[22m[2m[0m ms[22m

  [32m➜[39m  [1mLocal[22m:   [36mhttp://localhost:[1m5173[22m/[39m
  [32m➜[39m  [1mNetwork[22m: [36mhttp://169.254.125.111:[1m5173[22m/[39m
  [32m➜[39m  [1mNetwork[22m: [36mhttp://192.168.10.5:[1m5173[22m/[39m

  [32m[1mVITE[22m v6.4.2[39m  [2mready in [0m[1m396[22m[2m[0m ms[22m

  [32m➜[39m  [1mLocal[22m:   [36mhttp://localhost:[1m5173[22m/[39m
  [32m➜[39m  [1mNetwork[22m: [36mhttp://169.254.125.111:[1m5173[22m/[39m
  [32m➜[39m  [1mNetwork[22m: [36mhttp://192.168.10.5:[1m5173[22m/[39m
[2m00:29:24[22m [31m[1m[vite][22m[39m [31mws proxy error:[39m
Error: read ECONNRESET
    at TCP.onStreamRead (node:internal/stream_base_commons:216:20)

  [32m[1mVITE[22m v6.4.2[39m  [2mready in [0m[1m470[22m[2m[0m ms[22m

  [32m➜[39m  [1mLocal[22m:   [36mhttp://localhost:[1m5173[22m/[39m
  [32m➜[39m  [1mNetwork[22m: [36mhttp://169.254.125.111:[1m5173[22m/[39m
  [32m➜[39m  [1mNetwork[22m: [36mhttp://192.168.10.5:[1m5173[22m/[39m
[2m01:01:38[22m [31m[1m[vite][22m[39m [31mws proxy error:[39m
Error: read ECONNRESET
    at TCP.onStreamRead (node:internal/stream_base_commons:216:20)
[2m01:01:41[22m [31m[1m[vite][22m[39m [31mws proxy error:[39m
AggregateError [ECONNREFUSED]: 
    at internalConnectMultiple (node:net:1139:18)
    at afterConnectMultiple (node:net:1714:7)
[2m01:17:35[22m [31m[1m[vite][22m[39m [31mws proxy error:[39m
Error: read ECONNRESET
    at TCP.onStreamRead (node:internal/stream_base_commons:216:20)
